# JRE version: OpenJDK Runtime Environment Temurin-21.0.10+7 (21.0.10+7) (build 21.0.10+7-LTS)
# Java VM: OpenJDK 64-Bit Server VM Temurin-21.0.10+7 (21.0.10+7-LTS, mixed mode, sharing, tiered, compressed oops, compressed class ptrs, parallel gc, windows-amd64)
GC Precious Log:
 CardTable entry size: 512
 CPUs: 8 total, 8 available
 Memory: 16122M
 Large Page Support: Disabled
 NUMA Support: Disabled
 Compressed Oops: Enabled (32-bit)
 Alignments: Space 512K, Generation 512K, Heap 2M
 Heap Min Capacity: 100M
 Heap Initial Capacity: 100M
 Heap Max Capacity: 2G
 Pre-touch: Disabled
 Parallel Workers: 8
Heap:
 PSYoungGen      total 3072K, used 1048K [0x00000000d5580000, 0x00000000d5980000, 0x0000000100000000)
  eden space 2048K, 38% used [0x00000000d5580000,0x00000000d56461c8,0x00000000d5780000)
  from space 1024K, 25% used [0x00000000d5780000,0x00000000d57c0000,0x00000000d5880000)
  to   space 512K, 0% used [0x00000000d5900000,0x00000000d5900000,0x00000000d5980000)
 ParOldGen       total 726016K, used 256984K [0x0000000080000000, 0x00000000ac500000, 0x00000000d5580000)
  object space 726016K, 35% used [0x0000000080000000,0x000000008faf62d0,0x00000000ac500000)
 Metaspace       used 77861K, committed 79424K, reserved 1179648K
  class space    used 8099K, committed 8768K, reserved 1048576K
GC Heap History (20 events):
Event: 237502.837 GC heap before
{Heap before GC invocations=690 (full 4):
 PSYoungGen      total 2560K, used 2240K [0x00000000d5580000, 0x00000000d5900000, 0x0000000100000000)
  eden space 2048K, 100% used [0x00000000d5580000,0x00000000d5780000,0x00000000d5780000)
  from space 512K, 37% used [0x00000000d5800000,0x00000000d5830000,0x00000000d5880000)
  to   space 512K, 0% used [0x00000000d5880000,0x00000000d5880000,0x00000000d5900000)
 ParOldGen       total 726016K, used 254197K [0x0000000080000000, 0x00000000ac500000, 0x00000000d5580000)
  object space 726016K, 35% used [0x0000000080000000,0x000000008f83d4b0,0x00000000ac500000)
 Metaspace       used 77841K, committed 79360K, reserved 1179648K
  class space    used 8099K, committed 8768K, reserved 1048576K
}
Event: 237502.902 GC heap after
{Heap after GC invocations=690 (full 4):
 PSYoungGen      total 2560K, used 192K [0x00000000d5580000, 0x00000000d5900000, 0x0000000100000000)
  eden space 2048K, 0% used [0x00000000d5580000,0x00000000d5580000,0x00000000d5780000)
  from space 512K, 37% used [0x00000000d5880000,0x00000000d58b0000,0x00000000d5900000)
  to   space 512K, 0% used [0x00000000d5800000,0x00000000d5800000,0x00000000d5880000)
 ParOldGen       total 726016K, used 254205K [0x0000000080000000, 0x00000000ac500000, 0x00000000d5580000)
  object space 726016K, 35% used [0x0000000080000000,0x000000008f83f4b0,0x00000000ac500000)
 Metaspace       used 77841K, committed 79360K, reserved 1179648K
  class space    used 8099K, committed 8768K, reserved 1048576K
}
Event: 322201.792 GC heap before
{Heap before GC invocations=691 (full 4):
 PSYoungGen      total 2560K, used 2240K [0x00000000d5580000, 0x00000000d5900000, 0x0000000100000000)
  eden space 2048K, 100% used [0x00000000d5580000,0x00000000d5780000,0x00000000d5780000)
  from space 512K, 37% used [0x00000000d5880000,0x00000000d58b0000,0x00000000d5900000)
  to   space 512K, 0% used [0x00000000d5800000,0x00000000d5800000,0x00000000d5880000)
 ParOldGen       total 726016K, used 254205K [0x0000000080000000, 0x00000000ac500000, 0x00000000d5580000)
  object space 726016K, 35% used [0x0000000080000000,0x000000008f83f4b0,0x00000000ac500000)
 Metaspace       used 77841K, committed 79360K, reserved 1179648K
  class space    used 8099K, committed 8768K, reserved 1048576K
}
Event: 322201.853 GC heap after
{Heap after GC invocations=691 (full 4):
 PSYoungGen      total 2560K, used 192K [0x00000000d5580000, 0x00000000d5900000, 0x0000000100000000)
  eden space 2048K, 0% used [0x00000000d5580000,0x00000000d5580000,0x00000000d5780000)
  from space 512K, 37% used [0x00000000d5800000,0x00000000d5830000,0x00000000d5880000)
  to   space 512K, 0% used [0x00000000d5880000,0x00000000d5880000,0x00000000d5900000)
 ParOldGen       total 726016K, used 254245K [0x0000000080000000, 0x00000000ac500000, 0x00000000d5580000)
  object space 726016K, 35% used [0x0000000080000000,0x000000008f8494b0,0x00000000ac500000)
 Metaspace       used 77841K, committed 79360K, reserved 1179648K
  class space    used 8099K, committed 8768K, reserved 1048576K
}
Event: 326724.481 GC heap before
{Heap before GC invocations=692 (full 4):
 PSYoungGen      total 2560K, used 2239K [0x00000000d5580000, 0x00000000d5900000, 0x0000000100000000)
  eden space 2048K, 99% used [0x00000000d5580000,0x00000000d577fff8,0x00000000d5780000)
  from space 512K, 37% used [0x00000000d5800000,0x00000000d5830000,0x00000000d5880000)
  to   space 512K, 0% used [0x00000000d5880000,0x00000000d5880000,0x00000000d5900000)
 ParOldGen       total 726016K, used 254245K [0x0000000080000000, 0x00000000ac500000, 0x00000000d5580000)
  object space 726016K, 35% used [0x0000000080000000,0x000000008f8494b0,0x00000000ac500000)
 Metaspace       used 77848K, committed 79360K, reserved 1179648K
  class space    used 8099K, committed 8768K, reserved 1048576K
}
Event: 326724.548 GC heap after
{Heap after GC invocations=692 (full 4):
 PSYoungGen      total 2560K, used 336K [0x00000000d5580000, 0x00000000d5900000, 0x0000000100000000)
  eden space 2048K, 0% used [0x00000000d5580000,0x00000000d5580000,0x00000000d5780000)
  from space 512K, 65% used [0x00000000d5880000,0x00000000d58d4010,0x00000000d5900000)
  to   space 512K, 0% used [0x00000000d5800000,0x00000000d5800000,0x00000000d5880000)
 ParOldGen       total 726016K, used 254261K [0x0000000080000000, 0x00000000ac500000, 0x00000000d5580000)
  object space 726016K, 35% used [0x0000000080000000,0x000000008f84d4b0,0x00000000ac500000)
 Metaspace       used 77848K, committed 79360K, reserved 1179648K
  class space    used 8099K, committed 8768K, reserved 1048576K
}
Event: 326724.649 GC heap before
{Heap before GC invocations=693 (full 4):
 PSYoungGen      total 2560K, used 2384K [0x00000000d5580000, 0x00000000d5900000, 0x0000000100000000)
  eden space 2048K, 99% used [0x00000000d5580000,0x00000000d577fff8,0x00000000d5780000)
  from space 512K, 65% used [0x00000000d5880000,0x00000000d58d4010,0x00000000d5900000)
  to   space 512K, 0% used [0x00000000d5800000,0x00000000d5800000,0x00000000d5880000)
 ParOldGen       total 726016K, used 254261K [0x0000000080000000, 0x00000000ac500000, 0x00000000d5580000)
  object space 726016K, 35% used [0x0000000080000000,0x000000008f84d4b0,0x00000000ac500000)
 Metaspace       used 77848K, committed 79360K, reserved 1179648K
  class space    used 8099K, committed 8768K, reserved 1048576K
}
Event: 326724.654 GC heap after
{Heap after GC invocations=693 (full 4):
 PSYoungGen      total 2560K, used 496K [0x00000000d5580000, 0x00000000d5980000, 0x0000000100000000)
  eden space 2048K, 0% used [0x00000000d5580000,0x00000000d5580000,0x00000000d5780000)
  from space 512K, 96% used [0x00000000d5800000,0x00000000d587c030,0x00000000d5880000)
  to   space 1024K, 0% used [0x00000000d5880000,0x00000000d5880000,0x00000000d5980000)
 ParOldGen       total 726016K, used 254468K [0x0000000080000000, 0x00000000ac500000, 0x00000000d5580000)
  object space 726016K, 35% used [0x0000000080000000,0x000000008f8813a0,0x00000000ac500000)
 Metaspace       used 77848K, committed 79360K, reserved 1179648K
  class space    used 8099K, committed 8768K, reserved 1048576K
}
Event: 326724.819 GC heap before
{Heap before GC invocations=694 (full 4):
 PSYoungGen      total 2560K, used 2544K [0x00000000d5580000, 0x00000000d5980000, 0x0000000100000000)
  eden space 2048K, 100% used [0x00000000d5580000,0x00000000d5780000,0x00000000d5780000)
  from space 512K, 96% used [0x00000000d5800000,0x00000000d587c030,0x00000000d5880000)
  to   space 1024K, 0% used [0x00000000d5880000,0x00000000d5880000,0x00000000d5980000)
 ParOldGen       total 726016K, used 254468K [0x0000000080000000, 0x00000000ac500000, 0x00000000d5580000)
  object space 726016K, 35% used [0x0000000080000000,0x000000008f8813a0,0x00000000ac500000)
 Metaspace       used 77855K, committed 79360K, reserved 1179648K
  class space    used 8099K, committed 8768K, reserved 1048576K
}
Event: 326724.824 GC heap after
{Heap after GC invocations=694 (full 4):
 PSYoungGen      total 3072K, used 768K [0x00000000d5580000, 0x00000000d5980000, 0x0000000100000000)
  eden space 2048K, 0% used [0x00000000d5580000,0x00000000d5580000,0x00000000d5780000)
  from space 1024K, 75% used [0x00000000d5880000,0x00000000d5940000,0x00000000d5980000)
  to   space 1024K, 0% used [0x00000000d5780000,0x00000000d5780000,0x00000000d5880000)
 ParOldGen       total 726016K, used 254930K [0x0000000080000000, 0x00000000ac500000, 0x00000000d5580000)
  object space 726016K, 35% used [0x0000000080000000,0x000000008f8f4850,0x00000000ac500000)
 Metaspace       used 77855K, committed 79360K, reserved 1179648K
  class space    used 8099K, committed 8768K, reserved 1048576K
}
Event: 326724.881 GC heap before
{Heap before GC invocations=695 (full 4):
 PSYoungGen      total 3072K, used 2816K [0x00000000d5580000, 0x00000000d5980000, 0x0000000100000000)
  eden space 2048K, 100% used [0x00000000d5580000,0x00000000d5780000,0x00000000d5780000)
  from space 1024K, 75% used [0x00000000d5880000,0x00000000d5940000,0x00000000d5980000)
  to   space 1024K, 0% used [0x00000000d5780000,0x00000000d5780000,0x00000000d5880000)
 ParOldGen       total 726016K, used 254930K [0x0000000080000000, 0x00000000ac500000, 0x00000000d5580000)
  object space 726016K, 35% used [0x0000000080000000,0x000000008f8f4850,0x00000000ac500000)
 Metaspace       used 77859K, committed 79360K, reserved 1179648K
  class space    used 8099K, committed 8768K, reserved 1048576K
}
Event: 326724.885 GC heap after
{Heap after GC invocations=695 (full 4):
 PSYoungGen      total 3072K, used 752K [0x00000000d5580000, 0x00000000d5980000, 0x0000000100000000)
  eden space 2048K, 0% used [0x00000000d5580000,0x00000000d5580000,0x00000000d5780000)
  from space 1024K, 73% used [0x00000000d5780000,0x00000000d583c010,0x00000000d5880000)
  to   space 1024K, 0% used [0x00000000d5880000,0x00000000d5880000,0x00000000d5980000)
 ParOldGen       total 726016K, used 255651K [0x0000000080000000, 0x00000000ac500000, 0x00000000d5580000)
  object space 726016K, 35% used [0x0000000080000000,0x000000008f9a8d28,0x00000000ac500000)
 Metaspace       used 77859K, committed 79360K, reserved 1179648K
  class space    used 8099K, committed 8768K, reserved 1048576K
}
Event: 326724.922 GC heap before
{Heap before GC invocations=696 (full 4):
 PSYoungGen      total 3072K, used 2800K [0x00000000d5580000, 0x00000000d5980000, 0x0000000100000000)
  eden space 2048K, 100% used [0x00000000d5580000,0x00000000d5780000,0x00000000d5780000)
  from space 1024K, 73% used [0x00000000d5780000,0x00000000d583c010,0x00000000d5880000)
  to   space 1024K, 0% used [0x00000000d5880000,0x00000000d5880000,0x00000000d5980000)
 ParOldGen       total 726016K, used 255651K [0x0000000080000000, 0x00000000ac500000, 0x00000000d5580000)
  object space 726016K, 35% used [0x0000000080000000,0x000000008f9a8d28,0x00000000ac500000)
 Metaspace       used 77860K, committed 79424K, reserved 1179648K
  class space    used 8099K, committed 8768K, reserved 1048576K
}
Event: 326724.924 GC heap after
{Heap after GC invocations=696 (full 4):
 PSYoungGen      total 2560K, used 304K [0x00000000d5580000, 0x00000000d5900000, 0x0000000100000000)
  eden space 2048K, 0% used [0x00000000d5580000,0x00000000d5580000,0x00000000d5780000)
  from space 512K, 59% used [0x00000000d5880000,0x00000000d58cc010,0x00000000d5900000)
  to   space 512K, 0% used [0x00000000d5800000,0x00000000d5800000,0x00000000d5880000)
 ParOldGen       total 726016K, used 255831K [0x0000000080000000, 0x00000000ac500000, 0x00000000d5580000)
  object space 726016K, 35% used [0x0000000080000000,0x000000008f9d5fc8,0x00000000ac500000)
 Metaspace       used 77860K, committed 79424K, reserved 1179648K
  class space    used 8099K, committed 8768K, reserved 1048576K
}
Event: 326724.966 GC heap before
{Heap before GC invocations=697 (full 4):
 PSYoungGen      total 2560K, used 2352K [0x00000000d5580000, 0x00000000d5900000, 0x0000000100000000)
  eden space 2048K, 100% used [0x00000000d5580000,0x00000000d5780000,0x00000000d5780000)
  from space 512K, 59% used [0x00000000d5880000,0x00000000d58cc010,0x00000000d5900000)
  to   space 512K, 0% used [0x00000000d5800000,0x00000000d5800000,0x00000000d5880000)
 ParOldGen       total 726016K, used 255831K [0x0000000080000000, 0x00000000ac500000, 0x00000000d5580000)
  object space 726016K, 35% used [0x0000000080000000,0x000000008f9d5fc8,0x00000000ac500000)
 Metaspace       used 77860K, committed 79424K, reserved 1179648K
  class space    used 8099K, committed 8768K, reserved 1048576K
}
Event: 326724.973 GC heap after
{Heap after GC invocations=697 (full 4):
 PSYoungGen      total 2560K, used 512K [0x00000000d5580000, 0x00000000d5a80000, 0x0000000100000000)
  eden space 2048K, 0% used [0x00000000d5580000,0x00000000d5580000,0x00000000d5780000)
  from space 512K, 100% used [0x00000000d5800000,0x00000000d5880000,0x00000000d5880000)
  to   space 1536K, 0% used [0x00000000d5900000,0x00000000d5900000,0x00000000d5a80000)
 ParOldGen       total 726016K, used 256355K [0x0000000080000000, 0x00000000ac500000, 0x00000000d5580000)
  object space 726016K, 35% used [0x0000000080000000,0x000000008fa58e40,0x00000000ac500000)
 Metaspace       used 77860K, committed 79424K, reserved 1179648K
  class space    used 8099K, committed 8768K, reserved 1048576K
}
Event: 327106.137 GC heap before
{Heap before GC invocations=698 (full 4):
 PSYoungGen      total 2560K, used 2559K [0x00000000d5580000, 0x00000000d5a80000, 0x0000000100000000)
  eden space 2048K, 99% used [0x00000000d5580000,0x00000000d577ffe0,0x00000000d5780000)
  from space 512K, 100% used [0x00000000d5800000,0x00000000d5880000,0x00000000d5880000)
  to   space 1536K, 0% used [0x00000000d5900000,0x00000000d5900000,0x00000000d5a80000)
 ParOldGen       total 726016K, used 256355K [0x0000000080000000, 0x00000000ac500000, 0x00000000d5580000)
  object space 726016K, 35% used [0x0000000080000000,0x000000008fa58e40,0x00000000ac500000)
 Metaspace       used 77861K, committed 79424K, reserved 1179648K
  class space    used 8099K, committed 8768K, reserved 1048576K
}
Event: 327106.149 GC heap after
{Heap after GC invocations=698 (full 4):
 PSYoungGen      total 2560K, used 256K [0x00000000d5580000, 0x00000000d5980000, 0x0000000100000000)
  eden space 2048K, 0% used [0x00000000d5580000,0x00000000d5580000,0x00000000d5780000)
  from space 512K, 50% used [0x00000000d5900000,0x00000000d5940000,0x00000000d5980000)
  to   space 1024K, 0% used [0x00000000d5780000,0x00000000d5780000,0x00000000d5880000)
 ParOldGen       total 726016K, used 256859K [0x0000000080000000, 0x00000000ac500000, 0x00000000d5580000)
  object space 726016K, 35% used [0x0000000080000000,0x000000008fad6e40,0x00000000ac500000)
 Metaspace       used 77861K, committed 79424K, reserved 1179648K
  class space    used 8099K, committed 8768K, reserved 1048576K
}
Event: 328682.430 GC heap before
{Heap before GC invocations=699 (full 4):
 PSYoungGen      total 2560K, used 2304K [0x00000000d5580000, 0x00000000d5980000, 0x0000000100000000)
  eden space 2048K, 100% used [0x00000000d5580000,0x00000000d5780000,0x00000000d5780000)
  from space 512K, 50% used [0x00000000d5900000,0x00000000d5940000,0x00000000d5980000)
  to   space 1024K, 0% used [0x00000000d5780000,0x00000000d5780000,0x00000000d5880000)
 ParOldGen       total 726016K, used 256859K [0x0000000080000000, 0x00000000ac500000, 0x00000000d5580000)
  object space 726016K, 35% used [0x0000000080000000,0x000000008fad6e40,0x00000000ac500000)
 Metaspace       used 77861K, committed 79424K, reserved 1179648K
  class space    used 8099K, committed 8768K, reserved 1048576K
}
Event: 328682.507 GC heap after
{Heap after GC invocations=699 (full 4):
 PSYoungGen      total 3072K, used 256K [0x00000000d5580000, 0x00000000d5980000, 0x0000000100000000)
  eden space 2048K, 0% used [0x00000000d5580000,0x00000000d5580000,0x00000000d5780000)
  from space 1024K, 25% used [0x00000000d5780000,0x00000000d57c0000,0x00000000d5880000)
  to   space 512K, 0% used [0x00000000d5900000,0x00000000d5900000,0x00000000d5980000)
 ParOldGen       total 726016K, used 256984K [0x0000000080000000, 0x00000000ac500000, 0x00000000d5580000)
  object space 726016K, 35% used [0x0000000080000000,0x000000008faf62d0,0x00000000ac500000)
 Metaspace       used 77861K, committed 79424K, reserved 1179648K
  class space    used 8099K, committed 8768K, reserved 1048576K
}

